<?xml version="1.0" encoding="UTF-8"?>
<!-- Generated by org.testng.reporters.JUnitReportReporter -->
<testsuite skipped="0" hostname="DESKTOP-910QTNI" name="TrelloTests" tests="6" failures="0" timestamp="07 мая 2020 23:25:11 GMT" time="19.596" errors="0">
  <testcase name="deleteMember" time="0.699" classname="TrelloTests"/>
  <testcase name="unArchiveList" time="0.261" classname="TrelloTests"/>
  <testcase name="deleteLabel" time="0.249" classname="TrelloTests"/>
  <testcase name="deleteMemberUi" time="5.190" classname="TrelloTests"/>
  <testcase name="unArchiveListUi" time="1.313" classname="TrelloTests"/>
  <testcase name="deleteLabelUi" time="11.884" classname="TrelloTests"/>
</testsuite> <!-- TrelloTests -->
